------------------------------------------------------------------------------------------------------------------------

[2024-05-10 09:25:19 #1 store] 
Database 'C:\Users\user\OneDrive - UPV EHU\Escritorio\workspace-2\Rides24\src\main\resources\rides.temp' is opened by 20896@LAPTOP-C5O8HU11

[2024-05-10 09:25:19 #2 type.registry] 
New type domain.user

[2024-05-10 09:25:19 #3 type.registry] 
New type domain.Driver

[2024-05-10 09:25:19 #4 type] 
Type domain.user is not enhanced.

[2024-05-10 09:25:19 #5 type] 
Type domain.Driver is not enhanced.

[2024-05-10 09:25:19 #6 type.registry] 
New type domain.Viajecompuesto

[2024-05-10 09:25:19 #7 type.registry] 
New type java.util.ArrayList<domain.Viajecompuesto>

[2024-05-10 09:25:19 #8 type.registry] 
New type domain.Ride

[2024-05-10 09:25:19 #9 type.registry] 
New type domain.RideSolicitado

[2024-05-10 09:25:19 #10 type] 
Type domain.Viajecompuesto is not enhanced.

[2024-05-10 09:25:19 #11 type.registry] 
New type java.util.ArrayList<java.lang.String>

[2024-05-10 09:25:19 #12 type.registry] 
New type java.util.LinkedList<domain.Ride>

[2024-05-10 09:25:19 #13 type] 
Type domain.Ride is not enhanced.

[2024-05-10 09:25:19 #14 type] 
Type domain.RideSolicitado is not enhanced.

[2024-05-10 09:25:19 #15 type.registry] 
New type domain.viajero

[2024-05-10 09:25:19 #16 type] 
Type domain.viajero is not enhanced.

[2024-05-10 09:25:19 #17 type.registry] 
New type java.util.Vector<java.lang.Object>

[2024-05-10 09:25:19 #18 type.registry] 
New type java.util.ArrayList<java.lang.Object>

[2024-05-10 09:25:19 #19 type.registry] 
New type java.util.Vector<domain.Ride>

[2024-05-10 09:25:19 #20 type.registry] 
New type java.util.Vector<domain.RideSolicitado>

------------------------------------------------------------------------------------------------------------------------

[2024-05-10 09:26:21 #1 store] 
Database 'C:\Users\user\OneDrive - UPV EHU\Escritorio\workspace-2\Rides24\src\main\resources\rides.temp' is opened by 26844@LAPTOP-C5O8HU11

[2024-05-10 09:26:22 #2 type.registry] 
New type domain.user

[2024-05-10 09:26:22 #3 type.registry] 
New type domain.Driver

[2024-05-10 09:26:22 #4 type] 
Type domain.user is not enhanced.

[2024-05-10 09:26:22 #5 type] 
Type domain.Driver is not enhanced.

[2024-05-10 09:26:22 #6 type.registry] 
New type domain.Viajecompuesto

[2024-05-10 09:26:22 #7 type.registry] 
New type java.util.ArrayList<domain.Viajecompuesto>

[2024-05-10 09:26:22 #8 type.registry] 
New type domain.Ride

[2024-05-10 09:26:22 #9 type.registry] 
New type domain.RideSolicitado

[2024-05-10 09:26:22 #10 type] 
Type domain.Viajecompuesto is not enhanced.

[2024-05-10 09:26:22 #11 type.registry] 
New type java.util.ArrayList<java.lang.String>

[2024-05-10 09:26:22 #12 type.registry] 
New type java.util.LinkedList<domain.Ride>

[2024-05-10 09:26:22 #13 type] 
Type domain.Ride is not enhanced.

[2024-05-10 09:26:22 #14 type] 
Type domain.RideSolicitado is not enhanced.

[2024-05-10 09:26:22 #15 type.registry] 
New type domain.viajero

[2024-05-10 09:26:22 #16 type] 
Type domain.viajero is not enhanced.

[2024-05-10 09:26:22 #17 type.registry] 
New type java.util.Vector<java.lang.Object>

[2024-05-10 09:26:22 #18 type.registry] 
New type java.util.ArrayList<java.lang.Object>

[2024-05-10 09:26:22 #19 type.registry] 
New type java.util.Vector<domain.Ride>

[2024-05-10 09:26:22 #20 type.registry] 
New type java.util.Vector<domain.RideSolicitado>

------------------------------------------------------------------------------------------------------------------------

[2024-05-10 09:33:32 #1 store] 
Database 'C:\Users\user\OneDrive - UPV EHU\Escritorio\workspace-2\Rides24\src\main\resources\rides.temp' is opened by 6356@LAPTOP-C5O8HU11

[2024-05-10 09:33:32 #2 type.registry] 
New type domain.user

[2024-05-10 09:33:32 #3 type.registry] 
New type domain.Driver

[2024-05-10 09:33:32 #4 type] 
Type domain.user is not enhanced.

[2024-05-10 09:33:32 #5 type] 
Type domain.Driver is not enhanced.

[2024-05-10 09:33:32 #6 type.registry] 
New type domain.Viajecompuesto

[2024-05-10 09:33:32 #7 type.registry] 
New type java.util.ArrayList<domain.Viajecompuesto>

[2024-05-10 09:33:32 #8 type.registry] 
New type domain.Ride

[2024-05-10 09:33:32 #9 type.registry] 
New type domain.RideSolicitado

[2024-05-10 09:33:32 #10 type] 
Type domain.Viajecompuesto is not enhanced.

[2024-05-10 09:33:32 #11 type.registry] 
New type java.util.ArrayList<java.lang.String>

[2024-05-10 09:33:32 #12 type.registry] 
New type java.util.LinkedList<domain.Ride>

[2024-05-10 09:33:32 #13 type] 
Type domain.Ride is not enhanced.

[2024-05-10 09:33:32 #14 type] 
Type domain.RideSolicitado is not enhanced.

[2024-05-10 09:33:32 #15 type.registry] 
New type domain.viajero

[2024-05-10 09:33:32 #16 type] 
Type domain.viajero is not enhanced.

[2024-05-10 09:33:32 #17 type.registry] 
New type java.util.Vector<java.lang.Object>

[2024-05-10 09:33:32 #18 type.registry] 
New type java.util.ArrayList<java.lang.Object>

[2024-05-10 09:33:32 #19 type.registry] 
New type java.util.Vector<domain.Ride>

[2024-05-10 09:33:32 #20 type.registry] 
New type java.util.Vector<domain.RideSolicitado>

------------------------------------------------------------------------------------------------------------------------

[2024-05-10 09:37:33 #1 store] 
Database 'C:\Users\user\OneDrive - UPV EHU\Escritorio\workspace-2\Rides24\src\main\resources\rides.temp' is opened by 14684@LAPTOP-C5O8HU11

[2024-05-10 09:37:33 #2 type.registry] 
New type domain.user

[2024-05-10 09:37:33 #3 type.registry] 
New type domain.Driver

[2024-05-10 09:37:33 #4 type] 
Type domain.user is not enhanced.

[2024-05-10 09:37:33 #5 type] 
Type domain.Driver is not enhanced.

[2024-05-10 09:37:33 #6 type.registry] 
New type domain.Viajecompuesto

[2024-05-10 09:37:33 #7 type.registry] 
New type java.util.ArrayList<domain.Viajecompuesto>

[2024-05-10 09:37:33 #8 type.registry] 
New type domain.Ride

[2024-05-10 09:37:33 #9 type.registry] 
New type domain.RideSolicitado

[2024-05-10 09:37:33 #10 type] 
Type domain.Viajecompuesto is not enhanced.

[2024-05-10 09:37:33 #11 type.registry] 
New type java.util.ArrayList<java.lang.String>

[2024-05-10 09:37:33 #12 type.registry] 
New type java.util.LinkedList<domain.Ride>

[2024-05-10 09:37:33 #13 type] 
Type domain.Ride is not enhanced.

[2024-05-10 09:37:33 #14 type] 
Type domain.RideSolicitado is not enhanced.

[2024-05-10 09:37:33 #15 type.registry] 
New type domain.viajero

[2024-05-10 09:37:33 #16 type] 
Type domain.viajero is not enhanced.

[2024-05-10 09:37:33 #17 type.registry] 
New type java.util.Vector<java.lang.Object>

[2024-05-10 09:37:33 #18 type.registry] 
New type java.util.ArrayList<java.lang.Object>

[2024-05-10 09:37:33 #19 type.registry] 
New type java.util.Vector<domain.Ride>

[2024-05-10 09:37:33 #20 type.registry] 
New type java.util.Vector<domain.RideSolicitado>

------------------------------------------------------------------------------------------------------------------------

[2024-05-10 09:40:01 #1 store] 
Database 'C:\Users\user\OneDrive - UPV EHU\Escritorio\workspace-2\Rides24\src\main\resources\rides.temp' is opened by 16232@LAPTOP-C5O8HU11

[2024-05-10 09:40:01 #2 type.registry] 
New type domain.user

[2024-05-10 09:40:01 #3 type.registry] 
New type domain.Driver

[2024-05-10 09:40:01 #4 type] 
Type domain.user is not enhanced.

[2024-05-10 09:40:01 #5 type] 
Type domain.Driver is not enhanced.

[2024-05-10 09:40:02 #6 type.registry] 
New type domain.Viajecompuesto

[2024-05-10 09:40:02 #7 type.registry] 
New type java.util.ArrayList<domain.Viajecompuesto>

[2024-05-10 09:40:02 #8 type.registry] 
New type domain.Ride

[2024-05-10 09:40:02 #9 type.registry] 
New type domain.RideSolicitado

[2024-05-10 09:40:02 #10 type] 
Type domain.Viajecompuesto is not enhanced.

[2024-05-10 09:40:02 #11 type.registry] 
New type java.util.ArrayList<java.lang.String>

[2024-05-10 09:40:02 #12 type.registry] 
New type java.util.LinkedList<domain.Ride>

[2024-05-10 09:40:02 #13 type] 
Type domain.Ride is not enhanced.

[2024-05-10 09:40:02 #14 type] 
Type domain.RideSolicitado is not enhanced.

[2024-05-10 09:40:02 #15 type.registry] 
New type domain.viajero

[2024-05-10 09:40:02 #16 type] 
Type domain.viajero is not enhanced.

[2024-05-10 09:40:02 #17 type.registry] 
New type java.util.Vector<java.lang.Object>

[2024-05-10 09:40:02 #18 type.registry] 
New type java.util.ArrayList<java.lang.Object>

[2024-05-10 09:40:02 #19 type.registry] 
New type java.util.Vector<domain.Ride>

[2024-05-10 09:40:02 #20 type.registry] 
New type java.util.Vector<domain.RideSolicitado>

------------------------------------------------------------------------------------------------------------------------

[2024-05-10 09:44:18 #1 store] 
Database 'C:\Users\user\OneDrive - UPV EHU\Escritorio\workspace-2\Rides24\src\main\resources\rides.temp' is opened by 25956@LAPTOP-C5O8HU11

[2024-05-10 09:44:19 #2 type.registry] 
New type domain.user

[2024-05-10 09:44:19 #3 type.registry] 
New type domain.Driver

[2024-05-10 09:44:19 #4 type] 
Type domain.user is not enhanced.

[2024-05-10 09:44:19 #5 type] 
Type domain.Driver is not enhanced.

[2024-05-10 09:44:19 #6 type.registry] 
New type domain.Viajecompuesto

[2024-05-10 09:44:19 #7 type.registry] 
New type java.util.ArrayList<domain.Viajecompuesto>

[2024-05-10 09:44:19 #8 type.registry] 
New type domain.Ride

[2024-05-10 09:44:19 #9 type.registry] 
New type domain.RideSolicitado

[2024-05-10 09:44:19 #10 type] 
Type domain.Viajecompuesto is not enhanced.

[2024-05-10 09:44:19 #11 type.registry] 
New type java.util.ArrayList<java.lang.String>

[2024-05-10 09:44:19 #12 type.registry] 
New type java.util.LinkedList<domain.Ride>

[2024-05-10 09:44:19 #13 type] 
Type domain.Ride is not enhanced.

[2024-05-10 09:44:19 #14 type] 
Type domain.RideSolicitado is not enhanced.

[2024-05-10 09:44:19 #15 type.registry] 
New type domain.viajero

[2024-05-10 09:44:19 #16 type] 
Type domain.viajero is not enhanced.

[2024-05-10 09:44:19 #17 type.registry] 
New type java.util.Vector<java.lang.Object>

[2024-05-10 09:44:19 #18 type.registry] 
New type java.util.ArrayList<java.lang.Object>

[2024-05-10 09:44:19 #19 type.registry] 
New type java.util.Vector<domain.Ride>

[2024-05-10 09:44:19 #20 type.registry] 
New type java.util.Vector<domain.RideSolicitado>

[2024-05-10 09:45:57 #21 type.registry] 
New type domain.Factura

[2024-05-10 09:45:57 #22 type] 
Type domain.Factura is not enhanced.

[2024-05-10 09:46:08 #23 type.registry] 
New type domain.Reseñas

[2024-05-10 09:46:08 #24 type] 
Type domain.Reseñas is not enhanced.

------------------------------------------------------------------------------------------------------------------------

[2024-05-10 09:47:37 #1 store] 
Database 'C:\Users\user\OneDrive - UPV EHU\Escritorio\workspace-2\Rides24\src\main\resources\rides.temp' is opened by 22524@LAPTOP-C5O8HU11

[2024-05-10 09:47:38 #2 type.registry] 
New type domain.user

[2024-05-10 09:47:38 #3 type.registry] 
New type domain.Driver

[2024-05-10 09:47:38 #4 type] 
Type domain.user is not enhanced.

[2024-05-10 09:47:38 #5 type] 
Type domain.Driver is not enhanced.

[2024-05-10 09:47:38 #6 type.registry] 
New type domain.Viajecompuesto

[2024-05-10 09:47:38 #7 type.registry] 
New type java.util.ArrayList<domain.Viajecompuesto>

[2024-05-10 09:47:38 #8 type.registry] 
New type domain.Ride

[2024-05-10 09:47:38 #9 type.registry] 
New type domain.RideSolicitado

[2024-05-10 09:47:38 #10 type] 
Type domain.Viajecompuesto is not enhanced.

[2024-05-10 09:47:38 #11 type.registry] 
New type java.util.ArrayList<java.lang.String>

[2024-05-10 09:47:38 #12 type.registry] 
New type java.util.LinkedList<domain.Ride>

[2024-05-10 09:47:38 #13 type] 
Type domain.Ride is not enhanced.

[2024-05-10 09:47:38 #14 type] 
Type domain.RideSolicitado is not enhanced.

[2024-05-10 09:47:38 #15 type.registry] 
New type domain.viajero

[2024-05-10 09:47:38 #16 type] 
Type domain.viajero is not enhanced.

[2024-05-10 09:47:38 #17 type.registry] 
New type java.util.Vector<java.lang.Object>

[2024-05-10 09:47:38 #18 type.registry] 
New type java.util.ArrayList<java.lang.Object>

[2024-05-10 09:47:38 #19 type.registry] 
New type java.util.Vector<domain.Ride>

[2024-05-10 09:47:38 #20 type.registry] 
New type java.util.Vector<domain.RideSolicitado>

[2024-05-10 09:49:33 #21 type.registry] 
New type domain.Factura

[2024-05-10 09:49:33 #22 type] 
Type domain.Factura is not enhanced.

